<?xml version="1.0" encoding="UTF-8"?>
<testsuite name="im.youdu.entapp.AppServerTest" time="0" tests="1" errors="0" skipped="0" failures="1">
  <properties>
[...]
</properties>
  <testcase name="warning" classname="junit.framework.TestSuite$1" time="0">
    <failure message="Exception in constructor: testStart (im.youdu.entapp.exception.ServiceException: Address already in use: bind&#10;	at im.youdu.entapp.AppServer.&lt;init&gt;(AppServer.java:33)&#10;	at im.youdu.entapp.AppServerTest.&lt;init&gt;(AppServerTest.java:21)&#10;	at sun.reflect.NativeConstructorAccessorImpl.newInstance0(Native Method)&#10;	at sun.reflect.NativeConstructorAccessorImpl.newInstance(Unknown Source)&#10;	at sun.reflect.DelegatingConstructorAccessorImpl.newInstance(Unknown Source)&#10;	at java.lang.reflect.Constructor.newInstance(Unknown Source)&#10;	at junit.framework.TestSuite.createTest(TestSuite.java:60)&#10;	at junit.framework.TestSuite.addTestMethod(TestSuite.java:307)&#10;	at junit.framework.TestSuite.addTestsFromTestCase(TestSuite.java:150)&#10;	at junit.framework.TestSuite.&lt;init&gt;(TestSuite.java:129)&#10;	at org.junit.internal.runners.JUnit38ClassRunner.&lt;init&gt;(JUnit38ClassRunner.java:74)&#10;	at org.junit.internal.builders.JUnit3Builder.runnerForClass(JUnit3Builder.java:11)&#10;	at org.junit.runners.model.RunnerBuilder.safeRunnerForClass(RunnerBuilder.java:59)&#10;	at org.junit.internal.builders.AllDefaultPossibilitiesBuilder.runnerForClass(AllDefaultPossibilitiesBuilder.java:26)&#10;	at org.junit.runners.model.RunnerBuilder.safeRunnerForClass(RunnerBuilder.java:59)&#10;	at org.junit.internal.requests.ClassRequest.getRunner(ClassRequest.java:33)&#10;	at org.apache.maven.surefire.junit4.JUnit4Provider.execute(JUnit4Provider.java:283)&#10;	at org.apache.maven.surefire.junit4.JUnit4Provider.executeWithRerun(JUnit4Provider.java:173)&#10;	at org.apache.maven.surefire.junit4.JUnit4Provider.executeTestSet(JUnit4Provider.java:153)&#10;	at org.apache.maven.surefire.junit4.JUnit4Provider.invoke(JUnit4Provider.java:128)&#10;	at org.apache.maven.surefire.booter.ForkedBooter.invokeProviderInSameClassLoader(ForkedBooter.java:203)&#10;	at org.apache.maven.surefire.booter.ForkedBooter.runSuitesInProcess(ForkedBooter.java:155)&#10;	at org.apache.maven.surefire.booter.ForkedBooter.main(ForkedBooter.java:103)&#10;Caused by: java.net.BindException: Address already in use: bind&#10;	at sun.nio.ch.Net.bind0(Native Method)&#10;	at sun.nio.ch.Net.bind(Unknown Source)&#10;	at sun.nio.ch.Net.bind(Unknown Source)&#10;	at sun.nio.ch.ServerSocketChannelImpl.bind(Unknown Source)&#10;	at sun.nio.ch.ServerSocketAdaptor.bind(Unknown Source)&#10;	at sun.net.httpserver.ServerImpl.&lt;init&gt;(Unknown Source)&#10;	at sun.net.httpserver.HttpServerImpl.&lt;init&gt;(Unknown Source)&#10;	at sun.net.httpserver.DefaultHttpServerProvider.createHttpServer(Unknown Source)&#10;	at com.sun.net.httpserver.HttpServer.create(Unknown Source)&#10;	at im.youdu.entapp.AppServer.&lt;init&gt;(AppServer.java:31)&#10;	... 22 more&#10;)" type="junit.framework.AssertionFailedError"><![CDATA[junit.framework.AssertionFailedError: Exception in constructor: testStart (im.youdu.entapp.exception.ServiceException: Address already in use: bind
	at im.youdu.entapp.AppServer.<init>(AppServer.java:33)
	at im.youdu.entapp.AppServerTest.<init>(AppServerTest.java:21)
	at sun.reflect.NativeConstructorAccessorImpl.newInstance0(Native Method)
	at sun.reflect.NativeConstructorAccessorImpl.newInstance(Unknown Source)
	at sun.reflect.DelegatingConstructorAccessorImpl.newInstance(Unknown Source)
	at java.lang.reflect.Constructor.newInstance(Unknown Source)
	at junit.framework.TestSuite.createTest(TestSuite.java:60)
	at junit.framework.TestSuite.addTestMethod(TestSuite.java:307)
	at junit.framework.TestSuite.addTestsFromTestCase(TestSuite.java:150)
	at junit.framework.TestSuite.<init>(TestSuite.java:129)
	at org.junit.internal.runners.JUnit38ClassRunner.<init>(JUnit38ClassRunner.java:74)
	at org.junit.internal.builders.JUnit3Builder.runnerForClass(JUnit3Builder.java:11)
	at org.junit.runners.model.RunnerBuilder.safeRunnerForClass(RunnerBuilder.java:59)
	at org.junit.internal.builders.AllDefaultPossibilitiesBuilder.runnerForClass(AllDefaultPossibilitiesBuilder.java:26)
	at org.junit.runners.model.RunnerBuilder.safeRunnerForClass(RunnerBuilder.java:59)
	at org.junit.internal.requests.ClassRequest.getRunner(ClassRequest.java:33)
	at org.apache.maven.surefire.junit4.JUnit4Provider.execute(JUnit4Provider.java:283)
	at org.apache.maven.surefire.junit4.JUnit4Provider.executeWithRerun(JUnit4Provider.java:173)
	at org.apache.maven.surefire.junit4.JUnit4Provider.executeTestSet(JUnit4Provider.java:153)
	at org.apache.maven.surefire.junit4.JUnit4Provider.invoke(JUnit4Provider.java:128)
	at org.apache.maven.surefire.booter.ForkedBooter.invokeProviderInSameClassLoader(ForkedBooter.java:203)
	at org.apache.maven.surefire.booter.ForkedBooter.runSuitesInProcess(ForkedBooter.java:155)
	at org.apache.maven.surefire.booter.ForkedBooter.main(ForkedBooter.java:103)
Caused by: java.net.BindException: Address already in use: bind
	at sun.nio.ch.Net.bind0(Native Method)
	at sun.nio.ch.Net.bind(Unknown Source)
	at sun.nio.ch.Net.bind(Unknown Source)
	at sun.nio.ch.ServerSocketChannelImpl.bind(Unknown Source)
	at sun.nio.ch.ServerSocketAdaptor.bind(Unknown Source)
	at sun.net.httpserver.ServerImpl.<init>(Unknown Source)
	at sun.net.httpserver.HttpServerImpl.<init>(Unknown Source)
	at sun.net.httpserver.DefaultHttpServerProvider.createHttpServer(Unknown Source)
	at com.sun.net.httpserver.HttpServer.create(Unknown Source)
	at im.youdu.entapp.AppServer.<init>(AppServer.java:31)
	... 22 more
)
	at junit.framework.Assert.fail(Assert.java:57)
	at junit.framework.TestCase.fail(TestCase.java:227)
	at junit.framework.TestSuite$1.runTest(TestSuite.java:97)
]]></failure>
  </testcase>
</testsuite>